# JRE version: OpenJDK Runtime Environment (8.0_202-b03) (build 1.8.0_202-release-1483-b03)
# Java VM: OpenJDK 64-Bit Server VM (25.202-b03 mixed mode windows-amd64 compressed oops)
Heap:
 PSYoungGen      total 301568K, used 240985K [0x000000076cb00000, 0x0000000782a80000, 0x00000007c0000000)
  eden space 274944K, 77% used [0x000000076cb00000,0x0000000779c59bd8,0x000000077d780000)
  from space 26624K, 99% used [0x000000077fa00000,0x00000007813fcad0,0x0000000781400000)
  to   space 35328K, 0% used [0x000000077d780000,0x000000077d780000,0x000000077fa00000)
 ParOldGen       total 148480K, used 81178K [0x00000006c6000000, 0x00000006cf100000, 0x000000076cb00000)
  object space 148480K, 54% used [0x00000006c6000000,0x00000006caf468c0,0x00000006cf100000)
 Metaspace       used 80702K, capacity 84468K, committed 84608K, reserved 1122304K
  class space    used 10354K, capacity 11086K, committed 11136K, reserved 1048576K
GC Heap History (10 events):
Event: 24.664 GC heap before
{Heap before GC invocations=19 (full 3):
 PSYoungGen      total 196096K, used 196072K [0x000000076cb00000, 0x000000077c700000, 0x00000007c0000000)
  eden space 175616K, 100% used [0x000000076cb00000,0x0000000777680000,0x0000000777680000)
  from space 20480K, 99% used [0x0000000777680000,0x0000000778a7a020,0x0000000778a80000)
  to   space 24576K, 0% used [0x000000077af00000,0x000000077af00000,0x000000077c700000)
 ParOldGen       total 148480K, used 42765K [0x00000006c6000000, 0x00000006cf100000, 0x000000076cb00000)
  object space 148480K, 28% used [0x00000006c6000000,0x00000006c89c35e8,0x00000006cf100000)
 Metaspace       used 66599K, capacity 69502K, committed 69760K, reserved 1110016K
  class space    used 8973K, capacity 9587K, committed 9600K, reserved 1048576K
Event: 24.722 GC heap after
Heap after GC invocations=19 (full 3):
 PSYoungGen      total 233984K, used 8587K [0x000000076cb00000, 0x000000077dc80000, 0x00000007c0000000)
  eden space 209408K, 0% used [0x000000076cb00000,0x000000076cb00000,0x0000000779780000)
  from space 24576K, 34% used [0x000000077af00000,0x000000077b762f40,0x000000077c700000)
  to   space 24064K, 0% used [0x0000000779780000,0x0000000779780000,0x000000077af00000)
 ParOldGen       total 148480K, used 59262K [0x00000006c6000000, 0x00000006cf100000, 0x000000076cb00000)
  object space 148480K, 39% used [0x00000006c6000000,0x00000006c99df8a0,0x00000006cf100000)
 Metaspace       used 66599K, capacity 69502K, committed 69760K, reserved 1110016K
  class space    used 8973K, capacity 9587K, committed 9600K, reserved 1048576K
}
Event: 25.791 GC heap before
{Heap before GC invocations=20 (full 3):
 PSYoungGen      total 233984K, used 217995K [0x000000076cb00000, 0x000000077dc80000, 0x00000007c0000000)
  eden space 209408K, 100% used [0x000000076cb00000,0x0000000779780000,0x0000000779780000)
  from space 24576K, 34% used [0x000000077af00000,0x000000077b762f40,0x000000077c700000)
  to   space 24064K, 0% used [0x0000000779780000,0x0000000779780000,0x000000077af00000)
 ParOldGen       total 148480K, used 59936K [0x00000006c6000000, 0x00000006cf100000, 0x000000076cb00000)
  object space 148480K, 40% used [0x00000006c6000000,0x00000006c9a881a8,0x00000006cf100000)
 Metaspace       used 66635K, capacity 69514K, committed 69760K, reserved 1110016K
  class space    used 8974K, capacity 9589K, committed 9600K, reserved 1048576K
Event: 25.817 GC heap after
Heap after GC invocations=20 (full 3):
 PSYoungGen      total 233472K, used 4775K [0x000000076cb00000, 0x000000077f000000, 0x00000007c0000000)
  eden space 209408K, 0% used [0x000000076cb00000,0x000000076cb00000,0x0000000779780000)
  from space 24064K, 19% used [0x0000000779780000,0x0000000779c29e98,0x000000077af00000)
  to   space 24064K, 0% used [0x000000077d880000,0x000000077d880000,0x000000077f000000)
 ParOldGen       total 148480K, used 64446K [0x00000006c6000000, 0x00000006cf100000, 0x000000076cb00000)
  object space 148480K, 43% used [0x00000006c6000000,0x00000006c9eef9b0,0x00000006cf100000)
 Metaspace       used 66635K, capacity 69514K, committed 69760K, reserved 1110016K
  class space    used 8974K, capacity 9589K, committed 9600K, reserved 1048576K
}
Event: 31.131 GC heap before
{Heap before GC invocations=21 (full 3):
 PSYoungGen      total 233472K, used 214183K [0x000000076cb00000, 0x000000077f000000, 0x00000007c0000000)
  eden space 209408K, 100% used [0x000000076cb00000,0x0000000779780000,0x0000000779780000)
  from space 24064K, 19% used [0x0000000779780000,0x0000000779c29e98,0x000000077af00000)
  to   space 24064K, 0% used [0x000000077d880000,0x000000077d880000,0x000000077f000000)
 ParOldGen       total 148480K, used 64503K [0x00000006c6000000, 0x00000006cf100000, 0x000000076cb00000)
  object space 148480K, 43% used [0x00000006c6000000,0x00000006c9efdf88,0x00000006cf100000)
 Metaspace       used 70885K, capacity 73824K, committed 73984K, reserved 1114112K
  class space    used 9376K, capacity 9954K, committed 9984K, reserved 1048576K
Event: 31.151 GC heap after
Heap after GC invocations=21 (full 3):
 PSYoungGen      total 263680K, used 8671K [0x000000076cb00000, 0x000000077e900000, 0x00000007c0000000)
  eden space 246784K, 0% used [0x000000076cb00000,0x000000076cb00000,0x000000077bc00000)
  from space 16896K, 51% used [0x000000077d880000,0x000000077e0f7e38,0x000000077e900000)
  to   space 23040K, 0% used [0x000000077bc00000,0x000000077bc00000,0x000000077d280000)
 ParOldGen       total 148480K, used 68341K [0x00000006c6000000, 0x00000006cf100000, 0x000000076cb00000)
  object space 148480K, 46% used [0x00000006c6000000,0x00000006ca2bd438,0x00000006cf100000)
 Metaspace       used 70885K, capacity 73824K, committed 73984K, reserved 1114112K
  class space    used 9376K, capacity 9954K, committed 9984K, reserved 1048576K
}
Event: 1884.326 GC heap before
{Heap before GC invocations=22 (full 3):
 PSYoungGen      total 263680K, used 255455K [0x000000076cb00000, 0x000000077e900000, 0x00000007c0000000)
  eden space 246784K, 100% used [0x000000076cb00000,0x000000077bc00000,0x000000077bc00000)
  from space 16896K, 51% used [0x000000077d880000,0x000000077e0f7e38,0x000000077e900000)
  to   space 23040K, 0% used [0x000000077bc00000,0x000000077bc00000,0x000000077d280000)
 ParOldGen       total 148480K, used 68341K [0x00000006c6000000, 0x00000006cf100000, 0x000000076cb00000)
  object space 148480K, 46% used [0x00000006c6000000,0x00000006ca2bd438,0x00000006cf100000)
 Metaspace       used 79395K, capacity 82748K, committed 82944K, reserved 1122304K
  class space    used 10252K, capacity 10924K, committed 11008K, reserved 1048576K
Event: 1884.378 GC heap after
Heap after GC invocations=22 (full 3):
 PSYoungGen      total 269824K, used 22771K [0x000000076cb00000, 0x0000000781400000, 0x00000007c0000000)
  eden space 246784K, 0% used [0x000000076cb00000,0x000000076cb00000,0x000000077bc00000)
  from space 23040K, 98% used [0x000000077bc00000,0x000000077d23cc08,0x000000077d280000)
  to   space 26624K, 0% used [0x000000077fa00000,0x000000077fa00000,0x0000000781400000)
 ParOldGen       total 148480K, used 68349K [0x00000006c6000000, 0x00000006cf100000, 0x000000076cb00000)
  object space 148480K, 46% used [0x00000006c6000000,0x00000006ca2bf438,0x00000006cf100000)
 Metaspace       used 79395K, capacity 82748K, committed 82944K, reserved 1122304K
  class space    used 10252K, capacity 10924K, committed 11008K, reserved 1048576K
}
Event: 1886.589 GC heap before
{Heap before GC invocations=23 (full 3):
 PSYoungGen      total 269824K, used 269555K [0x000000076cb00000, 0x0000000781400000, 0x00000007c0000000)
  eden space 246784K, 100% used [0x000000076cb00000,0x000000077bc00000,0x000000077bc00000)
  from space 23040K, 98% used [0x000000077bc00000,0x000000077d23cc08,0x000000077d280000)
  to   space 26624K, 0% used [0x000000077fa00000,0x000000077fa00000,0x0000000781400000)
 ParOldGen       total 148480K, used 68349K [0x00000006c6000000, 0x00000006cf100000, 0x000000076cb00000)
  object space 148480K, 46% used [0x00000006c6000000,0x00000006ca2bf438,0x00000006cf100000)
 Metaspace       used 79637K, capacity 83100K, committed 83200K, reserved 1122304K
  class space    used 10273K, capacity 10956K, committed 11008K, reserved 1048576K
Event: 1886.687 GC heap after
Heap after GC invocations=23 (full 3):
 PSYoungGen      total 301568K, used 26610K [0x000000076cb00000, 0x0000000782a80000, 0x00000007c0000000)
  eden space 274944K, 0% used [0x000000076cb00000,0x000000076cb00000,0x000000077d780000)
  from space 26624K, 99% used [0x000000077fa00000,0x00000007813fcad0,0x0000000781400000)
  to   space 35328K, 0% used [0x000000077d780000,0x000000077d780000,0x000000077fa00000)
 ParOldGen       total 148480K, used 81178K [0x00000006c6000000, 0x00000006cf100000, 0x000000076cb00000)
  object space 148480K, 54% used [0x00000006c6000000,0x00000006caf468c0,0x00000006cf100000)
 Metaspace       used 79637K, capacity 83100K, committed 83200K, reserved 1122304K
  class space    used 10273K, capacity 10956K, committed 11008K, reserved 1048576K
}

