# JRE version: OpenJDK Runtime Environment (8.0_202-b03) (build 1.8.0_202-release-1483-b03)
# Java VM: OpenJDK 64-Bit Server VM (25.202-b03 mixed mode windows-amd64 compressed oops)
Heap:
 PSYoungGen      total 353280K, used 37365K [0x000000076cb00000, 0x0000000784700000, 0x00000007c0000000)
  eden space 317952K, 2% used [0x000000076cb00000,0x000000076d2d0dd0,0x0000000780180000)
  from space 35328K, 83% used [0x0000000780180000,0x0000000781e2c830,0x0000000782400000)
  to   space 33792K, 0% used [0x0000000782400000,0x0000000782400000,0x0000000784500000)
 ParOldGen       total 223744K, used 72175K [0x00000006c6000000, 0x00000006d3a80000, 0x000000076cb00000)
  object space 223744K, 32% used [0x00000006c6000000,0x00000006ca67bfc8,0x00000006d3a80000)
 Metaspace       used 100351K, capacity 105530K, committed 105560K, reserved 1140736K
  class space    used 12681K, capacity 13687K, committed 13696K, reserved 1048576K
GC Heap History (10 events):
Event: 1175.808 GC heap before
{Heap before GC invocations=27 (full 4):
 PSYoungGen      total 287232K, used 257338K [0x000000076cb00000, 0x0000000780800000, 0x00000007c0000000)
  eden space 249856K, 100% used [0x000000076cb00000,0x000000077bf00000,0x000000077bf00000)
  from space 37376K, 20% used [0x000000077e380000,0x000000077eacea18,0x0000000780800000)
  to   space 37376K, 0% used [0x000000077bf00000,0x000000077bf00000,0x000000077e380000)
 ParOldGen       total 223744K, used 72143K [0x00000006c6000000, 0x00000006d3a80000, 0x000000076cb00000)
  object space 223744K, 32% used [0x00000006c6000000,0x00000006ca673fc8,0x00000006d3a80000)
 Metaspace       used 94475K, capacity 98600K, committed 98892K, reserved 1134592K
  class space    used 12149K, capacity 12947K, committed 13056K, reserved 1048576K
Event: 1175.868 GC heap after
Heap after GC invocations=27 (full 4):
 PSYoungGen      total 287232K, used 4544K [0x000000076cb00000, 0x0000000782f80000, 0x00000007c0000000)
  eden space 249856K, 0% used [0x000000076cb00000,0x000000076cb00000,0x000000077bf00000)
  from space 37376K, 12% used [0x000000077bf00000,0x000000077c370298,0x000000077e380000)
  to   space 36864K, 0% used [0x0000000780b80000,0x0000000780b80000,0x0000000782f80000)
 ParOldGen       total 223744K, used 72151K [0x00000006c6000000, 0x00000006d3a80000, 0x000000076cb00000)
  object space 223744K, 32% used [0x00000006c6000000,0x00000006ca675fc8,0x00000006d3a80000)
 Metaspace       used 94475K, capacity 98600K, committed 98892K, reserved 1134592K
  class space    used 12149K, capacity 12947K, committed 13056K, reserved 1048576K
}
Event: 1180.748 GC heap before
{Heap before GC invocations=28 (full 4):
 PSYoungGen      total 287232K, used 254400K [0x000000076cb00000, 0x0000000782f80000, 0x00000007c0000000)
  eden space 249856K, 100% used [0x000000076cb00000,0x000000077bf00000,0x000000077bf00000)
  from space 37376K, 12% used [0x000000077bf00000,0x000000077c370298,0x000000077e380000)
  to   space 36864K, 0% used [0x0000000780b80000,0x0000000780b80000,0x0000000782f80000)
 ParOldGen       total 223744K, used 72151K [0x00000006c6000000, 0x00000006d3a80000, 0x000000076cb00000)
  object space 223744K, 32% used [0x00000006c6000000,0x00000006ca675fc8,0x00000006d3a80000)
 Metaspace       used 94507K, capacity 98600K, committed 98892K, reserved 1134592K
  class space    used 12149K, capacity 12947K, committed 13056K, reserved 1048576K
Event: 1180.786 GC heap after
Heap after GC invocations=28 (full 4):
 PSYoungGen      total 321024K, used 4665K [0x000000076cb00000, 0x0000000782b80000, 0x00000007c0000000)
  eden space 288256K, 0% used [0x000000076cb00000,0x000000076cb00000,0x000000077e480000)
  from space 32768K, 14% used [0x0000000780b80000,0x000000078100e4e8,0x0000000782b80000)
  to   space 36352K, 0% used [0x000000077e480000,0x000000077e480000,0x0000000780800000)
 ParOldGen       total 223744K, used 72151K [0x00000006c6000000, 0x00000006d3a80000, 0x000000076cb00000)
  object space 223744K, 32% used [0x00000006c6000000,0x00000006ca675fc8,0x00000006d3a80000)
 Metaspace       used 94507K, capacity 98600K, committed 98892K, reserved 1134592K
  class space    used 12149K, capacity 12947K, committed 13056K, reserved 1048576K
}
Event: 1184.277 GC heap before
{Heap before GC invocations=29 (full 4):
 PSYoungGen      total 321024K, used 292921K [0x000000076cb00000, 0x0000000782b80000, 0x00000007c0000000)
  eden space 288256K, 100% used [0x000000076cb00000,0x000000077e480000,0x000000077e480000)
  from space 32768K, 14% used [0x0000000780b80000,0x000000078100e4e8,0x0000000782b80000)
  to   space 36352K, 0% used [0x000000077e480000,0x000000077e480000,0x0000000780800000)
 ParOldGen       total 223744K, used 72151K [0x00000006c6000000, 0x00000006d3a80000, 0x000000076cb00000)
  object space 223744K, 32% used [0x00000006c6000000,0x00000006ca675fc8,0x00000006d3a80000)
 Metaspace       used 94573K, capacity 98728K, committed 98892K, reserved 1134592K
  class space    used 12149K, capacity 12947K, committed 13056K, reserved 1048576K
Event: 1184.308 GC heap after
Heap after GC invocations=29 (full 4):
 PSYoungGen      total 324608K, used 12531K [0x000000076cb00000, 0x0000000784500000, 0x00000007c0000000)
  eden space 288256K, 0% used [0x000000076cb00000,0x000000076cb00000,0x000000077e480000)
  from space 36352K, 34% used [0x000000077e480000,0x000000077f0bcf88,0x0000000780800000)
  to   space 33792K, 0% used [0x0000000782400000,0x0000000782400000,0x0000000784500000)
 ParOldGen       total 223744K, used 72159K [0x00000006c6000000, 0x00000006d3a80000, 0x000000076cb00000)
  object space 223744K, 32% used [0x00000006c6000000,0x00000006ca677fc8,0x00000006d3a80000)
 Metaspace       used 94573K, capacity 98728K, committed 98892K, reserved 1134592K
  class space    used 12149K, capacity 12947K, committed 13056K, reserved 1048576K
}
Event: 1203.358 GC heap before
{Heap before GC invocations=30 (full 4):
 PSYoungGen      total 324608K, used 300787K [0x000000076cb00000, 0x0000000784500000, 0x00000007c0000000)
  eden space 288256K, 100% used [0x000000076cb00000,0x000000077e480000,0x000000077e480000)
  from space 36352K, 34% used [0x000000077e480000,0x000000077f0bcf88,0x0000000780800000)
  to   space 33792K, 0% used [0x0000000782400000,0x0000000782400000,0x0000000784500000)
 ParOldGen       total 223744K, used 72159K [0x00000006c6000000, 0x00000006d3a80000, 0x000000076cb00000)
  object space 223744K, 32% used [0x00000006c6000000,0x00000006ca677fc8,0x00000006d3a80000)
 Metaspace       used 95196K, capacity 99438K, committed 99672K, reserved 1136640K
  class space    used 12216K, capacity 13032K, committed 13184K, reserved 1048576K
Event: 1203.563 GC heap after
Heap after GC invocations=30 (full 4):
 PSYoungGen      total 351744K, used 21970K [0x000000076cb00000, 0x0000000784700000, 0x00000007c0000000)
  eden space 317952K, 0% used [0x000000076cb00000,0x000000076cb00000,0x0000000780180000)
  from space 33792K, 65% used [0x0000000782400000,0x0000000783974af0,0x0000000784500000)
  to   space 35328K, 0% used [0x0000000780180000,0x0000000780180000,0x0000000782400000)
 ParOldGen       total 223744K, used 72167K [0x00000006c6000000, 0x00000006d3a80000, 0x000000076cb00000)
  object space 223744K, 32% used [0x00000006c6000000,0x00000006ca679fc8,0x00000006d3a80000)
 Metaspace       used 95196K, capacity 99438K, committed 99672K, reserved 1136640K
  class space    used 12216K, capacity 13032K, committed 13184K, reserved 1048576K
}
Event: 1594.137 GC heap before
{Heap before GC invocations=31 (full 4):
 PSYoungGen      total 351744K, used 339922K [0x000000076cb00000, 0x0000000784700000, 0x00000007c0000000)
  eden space 317952K, 100% used [0x000000076cb00000,0x0000000780180000,0x0000000780180000)
  from space 33792K, 65% used [0x0000000782400000,0x0000000783974af0,0x0000000784500000)
  to   space 35328K, 0% used [0x0000000780180000,0x0000000780180000,0x0000000782400000)
 ParOldGen       total 223744K, used 72167K [0x00000006c6000000, 0x00000006d3a80000, 0x000000076cb00000)
  object space 223744K, 32% used [0x00000006c6000000,0x00000006ca679fc8,0x00000006d3a80000)
 Metaspace       used 100297K, capacity 105370K, committed 105560K, reserved 1140736K
  class space    used 12674K, capacity 13655K, committed 13696K, reserved 1048576K
Event: 1599.800 GC heap after
Heap after GC invocations=31 (full 4):
 PSYoungGen      total 353280K, used 29362K [0x000000076cb00000, 0x0000000784700000, 0x00000007c0000000)
  eden space 317952K, 0% used [0x000000076cb00000,0x000000076cb00000,0x0000000780180000)
  from space 35328K, 83% used [0x0000000780180000,0x0000000781e2c830,0x0000000782400000)
  to   space 33792K, 0% used [0x0000000782400000,0x0000000782400000,0x0000000784500000)
 ParOldGen       total 223744K, used 72175K [0x00000006c6000000, 0x00000006d3a80000, 0x000000076cb00000)
  object space 223744K, 32% used [0x00000006c6000000,0x00000006ca67bfc8,0x00000006d3a80000)
 Metaspace       used 100297K, capacity 105370K, committed 105560K, reserved 1140736K
  class space    used 12674K, capacity 13655K, committed 13696K, reserved 1048576K
}

